<?xml version="1.0" encoding="UTF-8"?>
<!-- Generated by org.testng.reporters.JUnitReportReporter -->
<testsuite hostname="yipl-Inspiron-3543" failures="0" tests="2" name="TestNGRunner.runOnboarding" time="37.357" errors="0" timestamp="2020-03-02T13:29:57 NPT" skipped="0">
  <testcase classname="TestNGRunner.runOnboarding" name="runSkipOnboardingTest" time="9.722"/>
  <testcase classname="TestNGRunner.runOnboarding" name="runNormalOnBoardingTest" time="27.635"/>
</testsuite> <!-- TestNGRunner.runOnboarding -->
